{
  "RSpec": {
    "coverage": {
      "/home/Sarah-P/tic-tac-toe-rb-online-web-sp-000/lib/tic_tac_toe.rb": [
        null,
        1,
        null,
        null,
        null,
        null,
        null,
        null,
        null,
        null,
        null,
        1,
        24,
        24,
        24,
        24,
        24,
        null,
        null,
        1,
        23,
        null,
        null,
        1,
        22,
        null,
        null,
        1,
        160,
        null,
        null,
        1,
        23,
        20,
        null,
        3,
        null,
        null,
        null,
        1,
        21,
        21,
        20,
        20,
        19,
        19,
        null,
        1,
        null,
        null,
        null,
        1,
        20,
        null,
        null,
        1,
        65,
        384,
        384,
        384,
        null,
        384,
        384,
        384,
        384,
        null,
        null,
        null,
        null,
        null,
        null,
        1,
        21,
        21,
        189,
        31,
        null,
        null,
        21,
        null,
        null,
        1,
        60,
        7,
        null,
        3,
        null,
        null,
        null,
        1,
        27,
        null,
        null,
        1,
        21,
        null,
        null,
        1,
        7,
        6,
        null,
        null,
        null,
        1,
        12,
        19,
        null,
        10,
        5,
        5,
        5,
        null,
        null
      ]
    },
    "timestamp": 1588867962
  }
}
