{
  "RSpec": {
    "coverage": {
      "/home/Sarah-P/tic-tac-toe-rb-online-web-sp-000/lib/tic_tac_toe.rb": [
        null,
        1,
        null,
        null,
        null,
        null,
        null,
        null,
        null,
        null,
        null,
        1,
        14,
        14,
        14,
        14,
        14,
        null,
        null,
        1,
        13,
        null,
        null,
        1,
        12,
        null,
        null,
        1,
        0,
        0,
        null,
        0,
        null,
        null,
        null,
        1,
        13,
        10,
        null,
        3,
        null,
        null,
        null,
        1,
        10,
        10,
        10,
        10,
        9,
        9,
        null,
        1,
        null,
        null,
        null,
        1,
        191,
        null,
        null,
        1,
        10,
        null,
        null,
        1,
        77,
        460,
        460,
        460,
        null,
        460,
        460,
        460,
        null,
        460,
        30,
        null,
        null,
        null,
        null,
        1,
        11,
        11,
        99,
        9,
        null,
        null,
        11,
        null,
        null,
        1,
        25,
        2,
        null,
        2,
        null,
        null,
        null,
        1,
        15,
        1,
        0,
        0,
        14,
        14,
        null,
        null,
        null,
        1,
        11,
        11,
        null,
        0,
        null,
        null,
        null,
        1,
        14,
        14,
        null,
        null,
        null,
        1,
        12,
        7,
        null,
        12,
        12,
        0,
        0,
        null,
        null
      ]
    },
    "timestamp": 1588867320
  }
}
